[2022-07-20T11:42:30.381858+01:00] TESTE.ERROR: MENSAGEM DE TESTE {"code":"H83SSB"} []
[2022-07-20T11:56:11.938919+01:00] Validate::submit.ERROR: Erro na validação da hash {"code":"O campo Código é obrigatório"} []
[2022-07-20T11:56:16.118855+01:00] Validate::submit.ERROR: Erro na validação da hash {"code":"O campo Código é obrigatório"} []
[2022-07-20T11:56:17.521534+01:00] Validate::submit.ERROR: Erro na validação da hash {"code":"O campo Código é obrigatório"} []
[2022-07-20T11:56:19.067667+01:00] Validate::submit.ERROR: Erro na validação da hash {"code":"O campo Código é obrigatório"} []
[2022-07-20T11:56:20.390441+01:00] Validate::submit.ERROR: Erro na validação da hash {"code":"O campo Código é obrigatório"} []
[2022-07-20T11:56:21.882227+01:00] Validate::submit.ERROR: Erro na validação da hash {"code":"O campo Código é obrigatório"} []
[2022-07-20T11:56:23.062399+01:00] Validate::submit.ERROR: Erro na validação da hash {"code":"O campo Código é obrigatório"} []
[2022-07-20T11:56:24.509298+01:00] Validate::submit.ERROR: Erro na validação da hash {"code":"O campo Código é obrigatório"} []
[2022-07-20T11:56:25.849683+01:00] Validate::submit.ERROR: Erro na validação da hash {"code":"O campo Código é obrigatório"} []
[2022-07-20T11:56:27.215191+01:00] Validate::submit.ERROR: Erro na validação da hash {"code":"O campo Código é obrigatório"} []
[2022-07-20T11:56:30.697943+01:00] Validate::submit.ERROR: Erro na validação da hash {"code":"O campo Código é obrigatório"} []
[2022-07-20T11:56:59.604719+01:00] Validate::submit.ERROR: Erro na validação da hash {"code":"O campo Código é obrigatório"} []
[2022-07-20T11:57:18.126844+01:00] Validate::submit.ERROR: Erro na validação da hash {"code":"O campo Código é obrigatório"} []
[2022-07-20T11:58:05.477575+01:00] Validate::submit.ERROR: Erro na validação da hash {"code":"O campo Código é obrigatório"} []
[2022-07-20T11:58:07.369192+01:00] Validate::submit.ERROR: Erro na validação da hash {"code":"O campo Código é obrigatório"} []
[2022-07-20T11:58:08.524453+01:00] Validate::submit.ERROR: Erro na validação da hash {"code":"O campo Código é obrigatório"} []
[2022-07-20T11:58:09.886614+01:00] Validate::submit.ERROR: Erro na validação da hash {"code":"O campo Código é obrigatório"} []
[2022-07-20T11:58:11.132954+01:00] Validate::submit.ERROR: Erro na validação da hash {"code":"O campo Código é obrigatório"} []
[2022-07-20T13:05:24.837251+01:00] Validate::submit.ERROR: Erro na validação da hash {"code":"O campo Código é obrigatório"} []
[2022-07-20T15:14:46.780075+01:00] Home::submit.INFO: SMS Log {"status":"SUCCESS","message":"SUCCESS","data":{"message-count":"1","messages":[{"to":"351932321446","message-id":"2A00000008D8DA05","status":"0","network":"26803"}]}} []
[2022-07-20T15:17:43.697410+01:00] Home::submit.ERROR: Não foi possível solicitar o código {"ret":{"result":false,"message":"Não foi possível solicitar o código"},"phone":"932321446"} []
[2022-07-20T15:18:02.511184+01:00] Home::submit.ERROR: Não foi possível solicitar o código {"ret":{"result":false,"message":"Não foi possível solicitar o código"},"phone":"932321446"} []
[2022-07-20T15:19:25.690400+01:00] Validate::submit.INFO: Hash não válida {"result":false,"message":"Não foi possível validar o código"} []
[2022-07-20T15:19:40.014593+01:00] Home::submit.INFO: SMS Log {"status":"SUCCESS","message":"SUCCESS","data":{"message-count":"1","messages":[{"to":"351932321446","message-id":"2A00000008D8E777","status":"0","network":"26803"}]}} []
[2022-07-20T15:19:59.641897+01:00] Validate::submit.INFO: Hash não válida {"result":false,"message":"Não foi possível validar o código"} []
[2022-07-20T15:20:44.595172+01:00] Validate::submit.INFO: Hash não válida {"result":false,"message":"Não foi possível validar o código"} []
[2022-07-20T15:20:46.414104+01:00] Validate::submit.INFO: Hash não válida {"result":false,"message":"Não foi possível validar o código"} []
[2022-07-20T15:22:00.570561+01:00] Validate::submit.INFO: Hash não válida {"result":false,"message":"Não foi possível validar o código"} []
[2022-07-20T15:24:25.107318+01:00] UserModel::checkCode.ERROR: Exception {"message":"PDOStatement::execute(): SQLSTATE[42000]: Syntax error or access violation: 1064 You have an error in your SQL syntax; check the manual that corresponds to your MariaDB server version for the right syntax to use near 'code = 'FG4PY7' LIMIT 1' at line 1"} []
[2022-07-20T15:24:25.107699+01:00] Validate::submit.INFO: Hash não válida {"result":false,"message":"Não foi possível validar o código"} []
[2022-07-20T15:25:29.468651+01:00] Validate::submit.INFO: Hash validada com sucesso ["fg4py7"] []
[2022-07-20T15:27:19.373443+01:00] Validate::submit.INFO: Hash validada com sucesso ["fg4py7"] []
[2022-07-20T15:27:24.995790+01:00] Validate::submit.INFO: Hash não válida {"result":false,"message":"Código já utilizado em 2022-07-20 14:27:19"} []
[2022-07-20T15:31:20.497907+01:00] Home::submit.INFO: SMS Log {"status":"SUCCESS","message":"SUCCESS","data":{"message-count":"1","messages":[{"to":"351991501853","status":"6","error-text":"Unroutable message - rejected","network":"PT-UNKNOWN"}]}} []
[2022-07-20T15:31:36.627877+01:00] Validate::submit.INFO: Hash validada com sucesso ["7ELNWV"] []
[2022-07-20T15:31:42.905626+01:00] Validate::submit.INFO: Hash não válida {"result":false,"message":"Código já utilizado em 2022-07-20 14:31:36"} []
[2022-07-20T15:35:04.857546+01:00] Validate::submit.INFO: Hash não válida {"result":false,"message":"Código já utilizado em 2022-07-20 14:31:36"} []
[2022-07-20T15:35:29.939944+01:00] Validate::submit.INFO: Hash validada com sucesso ["7ELNWV"] []
[2022-07-20T15:36:51.210219+01:00] Validate::submit.INFO: Hash validada com sucesso ["7ELNWV"] []
[2022-07-20T15:37:01.708667+01:00] Validate::submit.INFO: Hash não válida {"result":false,"message":"Código já utilizado em 2022-07-20 15:36:51"} []
[2022-07-20T15:38:02.132796+01:00] Validate::submit.INFO: Hash não válida {"result":false,"message":"Código 7ELNWV já utilizado em 2022-07-20 15:36:51"} []
[2022-07-20T15:39:42.521869+01:00] Validate::submit.INFO: Hash não válida {"result":false,"message":"Código não encontrado"} []
[2022-07-20T15:39:46.852328+01:00] Validate::submit.INFO: Hash não válida {"result":false,"message":"Código não encontrado"} []
[2022-07-20T15:51:51.408140+01:00] Home::submit.INFO: SMS Log {"status":"SUCCESS","message":"SUCCESS","data":{"message-count":"1","messages":[{"to":"351932321446","message-id":"2B00000008C0B2D8","status":"0","network":"26803"}]}} []
[2022-07-20T15:52:39.136176+01:00] UserModel::saveUser.ERROR: Exception {"message":"PDOStatement::execute(): SQLSTATE[23000]: Integrity constraint violation: 1062 Duplicate entry '932321446' for key 'phone'"} []
[2022-07-20T15:52:39.139916+01:00] Home::submit.ERROR: Não foi possível solicitar o código {"ret":{"result":false,"message":"Não foi possível solicitar o código"},"phone":"932321446"} []
[2022-07-20T15:54:00.650099+01:00] Validate::submit.INFO: Hash não válida {"result":false,"message":"Código não encontrado"} []
[2022-07-20T15:55:11.067775+01:00] Home::submit.INFO: SMS Log {"status":"SUCCESS","message":"SUCCESS","data":{"message-count":"1","messages":[{"to":"351912130010","message-id":"2A00000008D96149","status":"0","network":"26801"}]}} []
[2022-07-20T15:55:35.537233+01:00] Validate::submit.INFO: Hash validada com sucesso ["TQ44C7"] []
[2022-07-20T15:55:43.377430+01:00] Validate::submit.INFO: Hash não válida {"result":false,"message":"Código TQ44C7 já utilizado em 2022-07-20 15:55:35"} []
